PyTorch version: 2.3.1
Is debug build: False
CUDA used to build PyTorch: 12.2
ROCM used to build PyTorch: N/A

OS: Gentoo Linux (x86_64)
GCC version: (Gentoo 12.3.1_p20230526 p2) 12.3.1 20230526
Clang version: Could not collect
CMake version: version 3.27.7
Libc version: glibc-2.37

Python version: 3.11.5 (main, Sep 18 2023, 12:23:42) [GCC 12.3.1 20230526] (64-bit runtime)
Python platform: Linux-4.18.0-553.16.1.el8_10.x86_64-x86_64-AMD_EPYC_7413_24-Core_Processor-with-glibc2.37
Is CUDA available: True
CUDA runtime version: Could not collect
CUDA_MODULE_LOADING set to: LAZY
GPU models and configuration: 
GPU 0: NVIDIA A100-SXM4-40GB
GPU 1: NVIDIA A100-SXM4-40GB
GPU 2: NVIDIA A100-SXM4-40GB
GPU 3: NVIDIA A100-SXM4-40GB

Nvidia driver version: 550.90.07
cuDNN version: Could not collect
HIP runtime version: N/A
MIOpen runtime version: N/A
Is XNNPACK available: True

CPU:
Architecture:                         x86_64
CPU op-mode(s):                       32-bit, 64-bit
Address sizes:                        48 bits physical, 48 bits virtual
Byte Order:                           Little Endian
CPU(s):                               48
On-line CPU(s) list:                  0-47
Vendor ID:                            AuthenticAMD
Model name:                           AMD EPYC 7413 24-Core Processor
CPU family:                           25
Model:                                1
Thread(s) per core:                   1
Core(s) per socket:                   24
Socket(s):                            2
Stepping:                             1
BogoMIPS:                             5290.02
Flags:                                fpu vme de pse tsc msr pae mce cx8 apic sep mtrr pge mca cmov pat pse36 clflush mmx fxsr sse sse2 ht syscall nx mmxext fxsr_opt pdpe1gb rdtscp lm constant_tsc rep_good nopl nonstop_tsc cpuid extd_apicid aperfmperf pni pclmulqdq monitor ssse3 fma cx16 pcid sse4_1 sse4_2 x2apic movbe popcnt aes xsave avx f16c rdrand lahf_lm cmp_legacy svm extapic cr8_legacy abm sse4a misalignsse 3dnowprefetch osvw ibs skinit wdt tce topoext perfctr_core perfctr_nb bpext perfctr_llc mwaitx cpb cat_l3 cdp_l3 invpcid_single hw_pstate ssbd mba ibrs ibpb stibp vmmcall fsgsbase bmi1 avx2 smep bmi2 invpcid cqm rdt_a rdseed adx smap clflushopt clwb sha_ni xsaveopt xsavec xgetbv1 xsaves cqm_llc cqm_occup_llc cqm_mbm_total cqm_mbm_local clzero irperf xsaveerptr wbnoinvd amd_ppin brs arat npt lbrv svm_lock nrip_save tsc_scale vmcb_clean flushbyasid decodeassists pausefilter pfthreshold v_vmsave_vmload vgif v_spec_ctrl umip pku ospke vaes vpclmulqdq rdpid overflow_recov succor smca
Virtualization:                       AMD-V
L1d cache:                            1.5 MiB (48 instances)
L1i cache:                            1.5 MiB (48 instances)
L2 cache:                             24 MiB (48 instances)
L3 cache:                             256 MiB (8 instances)
NUMA node(s):                         8
NUMA node0 CPU(s):                    0-5
NUMA node1 CPU(s):                    6-11
NUMA node2 CPU(s):                    12-17
NUMA node3 CPU(s):                    18-23
NUMA node4 CPU(s):                    24-29
NUMA node5 CPU(s):                    30-35
NUMA node6 CPU(s):                    36-41
NUMA node7 CPU(s):                    42-47
Vulnerability Gather data sampling:   Not affected
Vulnerability Itlb multihit:          Not affected
Vulnerability L1tf:                   Not affected
Vulnerability Mds:                    Not affected
Vulnerability Meltdown:               Not affected
Vulnerability Mmio stale data:        Not affected
Vulnerability Reg file data sampling: Not affected
Vulnerability Retbleed:               Not affected
Vulnerability Spec rstack overflow:   Mitigation; Safe RET
Vulnerability Spec store bypass:      Mitigation; Speculative Store Bypass disabled via prctl
Vulnerability Spectre v1:             Mitigation; usercopy/swapgs barriers and __user pointer sanitization
Vulnerability Spectre v2:             Mitigation; Retpolines; IBPB conditional; IBRS_FW; STIBP disabled; RSB filling; PBRSB-eIBRS Not affected; BHI Not affected
Vulnerability Srbds:                  Not affected
Vulnerability Tsx async abort:        Not affected

Versions of relevant libraries:
[pip3] numpy==1.26.4+computecanada
[pip3] torch==2.3.1+computecanada
[conda] Could not collect